[2017-03-20 09:04:12] START
[2017-03-20 09:07:05] EDIT control_inventario_dw/models/menu.py: -91
[2017-04-13 10:37:55] EDIT control_inventario_dw/controllers/default.py: 0
[2017-04-19 00:16:21] CREATE default/productos.html: 0
[2017-04-19 00:16:34] CREATE default/devolver_productos.html: 0
[2017-04-19 00:16:46] CREATE default/inventario.html: 0
[2017-04-19 00:29:29] CREATE default/productos_prestados.html: 0
[2017-05-28 18:51:26] EDIT control_inventario_dw/controllers/default.py: 3
[2017-05-28 18:56:13] CREATE default/agregarainventario.html: 0
[2017-05-28 18:56:34] EDIT control_inventario_dw/views/default/agregarainventario.html: 0
[2017-05-28 19:07:20] EDIT control_inventario_dw/controllers/default.py: 1
[2017-05-28 19:09:35] EDIT control_inventario_dw/controllers/default.py: 0
[2017-05-28 19:10:25] EDIT control_inventario_dw/controllers/default.py: 0
[2017-05-28 19:11:00] EDIT control_inventario_dw/controllers/default.py: 0
[2017-05-28 19:19:25] EDIT control_inventario_dw/controllers/default.py: 3
[2017-05-28 19:19:44] EDIT control_inventario_dw/controllers/default.py: 0
[2017-05-28 19:20:11] EDIT control_inventario_dw/controllers/default.py: 0
[2017-05-28 19:20:19] EDIT control_inventario_dw/controllers/default.py: 0
[2017-05-28 19:20:23] EDIT control_inventario_dw/controllers/default.py: 0
[2017-05-28 19:21:46] EDIT control_inventario_dw/controllers/default.py: 0
[2017-05-28 19:21:55] EDIT control_inventario_dw/controllers/default.py: 0
[2017-05-28 19:22:02] EDIT control_inventario_dw/controllers/default.py: 0
[2017-05-28 19:22:09] EDIT control_inventario_dw/controllers/default.py: 0
[2017-05-28 19:25:09] EDIT control_inventario_dw/controllers/default.py: 0
[2017-05-28 19:27:04] EDIT control_inventario_dw/controllers/default.py: 0
[2017-05-28 19:27:11] EDIT control_inventario_dw/controllers/default.py: 0
[2017-05-28 19:40:26] EDIT control_inventario_dw/controllers/default.py: 1
[2017-05-28 19:40:32] EDIT control_inventario_dw/controllers/default.py: 0
[2017-05-28 19:40:38] EDIT control_inventario_dw/controllers/default.py: 0
[2017-05-28 19:40:46] EDIT control_inventario_dw/controllers/default.py: 0
[2017-05-28 19:40:55] EDIT control_inventario_dw/controllers/default.py: 0
[2017-05-28 19:42:07] EDIT control_inventario_dw/controllers/default.py: -1
[2017-05-28 19:45:19] EDIT control_inventario_dw/controllers/default.py: 1
[2017-05-28 19:45:25] EDIT control_inventario_dw/controllers/default.py: 0
[2017-05-28 19:45:28] EDIT control_inventario_dw/controllers/default.py: 0
[2017-05-28 19:45:31] EDIT control_inventario_dw/controllers/default.py: 0
[2017-05-28 19:47:19] EDIT control_inventario_dw/controllers/default.py: 0
[2017-05-28 19:47:29] EDIT control_inventario_dw/controllers/default.py: 0
[2017-05-28 19:48:32] EDIT control_inventario_dw/views/default/agregarainventario.html: 0
[2017-05-28 19:48:55] EDIT control_inventario_dw/views/default/agregarainventario.html: 0
[2017-05-28 19:49:10] EDIT control_inventario_dw/views/default/agregarainventario.html: 0
[2017-05-28 19:52:19] EDIT control_inventario_dw/views/default/agregarainventario.html: 0
[2017-05-28 19:52:41] EDIT control_inventario_dw/controllers/default.py: 1
[2017-05-28 19:54:36] EDIT control_inventario_dw/controllers/default.py: 0
[2017-05-28 19:56:36] EDIT control_inventario_dw/controllers/default.py: 0
[2017-05-28 19:58:35] EDIT control_inventario_dw/controllers/default.py: 0
[2017-05-28 19:59:37] EDIT control_inventario_dw/models/db.py: 0
[2017-05-28 20:00:17] EDIT control_inventario_dw/models/db.py: 0
[2017-05-28 20:05:58] EDIT control_inventario_dw/controllers/default.py: 0
[2017-05-28 20:06:07] EDIT control_inventario_dw/controllers/default.py: 0
[2017-05-28 20:06:51] EDIT control_inventario_dw/controllers/default.py: 0
[2017-05-28 20:06:58] EDIT control_inventario_dw/controllers/default.py: 0
[2017-05-28 20:07:01] EDIT control_inventario_dw/controllers/default.py: -1
[2017-05-28 20:07:29] EDIT control_inventario_dw/controllers/default.py: 1
[2017-05-28 20:07:38] EDIT control_inventario_dw/controllers/default.py: 0
[2017-05-28 20:08:01] EDIT control_inventario_dw/controllers/default.py: -1
[2017-05-28 20:09:38] EDIT control_inventario_dw/controllers/default.py: 0
[2017-05-28 20:13:27] EDIT control_inventario_dw/controllers/default.py: 0
[2017-05-28 20:13:49] EDIT control_inventario_dw/controllers/default.py: 1
[2017-05-28 20:13:53] EDIT control_inventario_dw/controllers/default.py: 0
[2017-05-28 20:20:37] EDIT control_inventario_dw/controllers/default.py: 0
[2017-05-28 20:20:53] EDIT control_inventario_dw/controllers/default.py: 0
[2017-05-28 20:21:00] EDIT control_inventario_dw/controllers/default.py: -1
[2017-05-28 20:21:04] EDIT control_inventario_dw/controllers/default.py: 1
[2017-05-28 20:21:19] EDIT control_inventario_dw/controllers/default.py: 0
[2017-05-28 20:21:38] EDIT control_inventario_dw/controllers/default.py: 0
[2017-05-28 20:21:52] EDIT control_inventario_dw/controllers/default.py: 0
[2017-05-28 20:21:57] EDIT control_inventario_dw/controllers/default.py: 0
[2017-05-28 20:22:11] EDIT control_inventario_dw/controllers/default.py: 0
[2017-05-28 20:22:18] EDIT control_inventario_dw/controllers/default.py: 0
[2017-05-28 20:23:42] EDIT control_inventario_dw/controllers/default.py: 0
[2017-05-28 20:24:19] EDIT control_inventario_dw/controllers/default.py: 0
[2017-05-28 20:24:23] EDIT control_inventario_dw/controllers/default.py: 0
[2017-05-28 20:24:31] EDIT control_inventario_dw/controllers/default.py: 0
[2017-05-28 20:25:32] EDIT control_inventario_dw/controllers/default.py: 0
[2017-05-28 20:27:55] EDIT control_inventario_dw/controllers/default.py: 0
[2017-05-28 20:28:22] EDIT control_inventario_dw/controllers/default.py: 0
[2017-05-28 20:28:34] EDIT control_inventario_dw/controllers/default.py: 0
[2017-05-28 20:30:26] EDIT control_inventario_dw/controllers/default.py: 0
[2017-05-28 20:30:36] EDIT control_inventario_dw/controllers/default.py: 1
[2017-05-28 20:30:43] EDIT control_inventario_dw/controllers/default.py: 0
[2017-05-28 20:30:52] EDIT control_inventario_dw/controllers/default.py: -1
[2017-05-28 20:30:59] EDIT control_inventario_dw/controllers/default.py: 0
[2017-05-28 20:31:03] EDIT control_inventario_dw/controllers/default.py: 0
[2017-05-28 20:34:23] EDIT control_inventario_dw/controllers/default.py: 0
[2017-05-28 20:34:36] EDIT control_inventario_dw/controllers/default.py: 1
[2017-05-28 20:34:44] EDIT control_inventario_dw/controllers/default.py: -1
[2017-05-28 20:34:51] EDIT control_inventario_dw/controllers/default.py: 0
[2017-05-28 20:34:58] EDIT control_inventario_dw/controllers/default.py: 0
[2017-05-28 20:36:38] EDIT control_inventario_dw/controllers/default.py: 0
[2017-05-28 21:09:30] EDIT control_inventario_dw/controllers/default.py: 0
[2017-05-28 21:09:49] EDIT control_inventario_dw/controllers/default.py: 0
[2017-05-28 21:11:29] EDIT control_inventario_dw/controllers/default.py: 0
[2017-05-28 21:12:43] EDIT control_inventario_dw/controllers/default.py: 0
[2017-05-28 21:12:54] EDIT control_inventario_dw/controllers/default.py: 0
[2017-05-28 21:13:09] EDIT control_inventario_dw/controllers/default.py: 0
[2017-05-28 21:13:25] EDIT control_inventario_dw/controllers/default.py: 0
[2017-05-28 21:13:49] EDIT control_inventario_dw/controllers/default.py: 0
[2017-05-28 21:13:54] EDIT control_inventario_dw/controllers/default.py: 0
[2017-05-28 21:14:15] EDIT control_inventario_dw/controllers/default.py: 0
[2017-05-28 21:15:30] EDIT control_inventario_dw/controllers/default.py: 0
[2017-05-28 21:15:54] EDIT control_inventario_dw/controllers/default.py: 0
[2017-05-28 21:19:59] EDIT control_inventario_dw/controllers/default.py: 0
[2017-05-28 21:20:23] EDIT control_inventario_dw/controllers/default.py: 0
[2017-05-28 21:20:27] EDIT control_inventario_dw/controllers/default.py: 0
[2017-05-28 21:20:41] EDIT control_inventario_dw/controllers/default.py: 0
[2017-05-28 21:21:06] EDIT control_inventario_dw/controllers/default.py: 0
[2017-05-28 21:21:22] EDIT control_inventario_dw/controllers/default.py: 0
[2017-05-28 21:25:36] EDIT control_inventario_dw/controllers/default.py: 1
[2017-05-28 21:25:44] EDIT control_inventario_dw/controllers/default.py: 0
[2017-05-28 21:26:54] EDIT control_inventario_dw/controllers/default.py: 0
[2017-05-28 21:26:59] EDIT control_inventario_dw/controllers/default.py: 0
[2017-05-28 21:27:10] EDIT control_inventario_dw/controllers/default.py: 0
[2017-05-28 21:27:25] EDIT control_inventario_dw/controllers/default.py: 0
[2017-05-28 21:27:30] EDIT control_inventario_dw/controllers/default.py: 0
[2017-05-28 21:28:29] EDIT control_inventario_dw/controllers/default.py: 2
[2017-05-28 21:28:44] EDIT control_inventario_dw/controllers/default.py: 0
[2017-05-28 21:28:59] EDIT control_inventario_dw/controllers/default.py: 0
[2017-05-28 21:29:03] EDIT control_inventario_dw/controllers/default.py: 0
[2017-05-28 21:29:12] EDIT control_inventario_dw/controllers/default.py: 0
[2017-05-28 21:29:55] EDIT control_inventario_dw/controllers/default.py: 0
[2017-05-28 21:30:03] EDIT control_inventario_dw/controllers/default.py: 0
[2017-05-28 21:30:46] EDIT control_inventario_dw/controllers/default.py: 0
[2017-05-28 21:40:05] EDIT control_inventario_dw/controllers/default.py: 0
[2017-05-28 21:42:38] EDIT control_inventario_dw/controllers/default.py: 0
[2017-05-28 21:43:25] EDIT control_inventario_dw/controllers/default.py: 0
[2017-05-28 21:43:52] EDIT control_inventario_dw/controllers/default.py: 0
[2017-05-28 21:44:19] EDIT control_inventario_dw/controllers/default.py: 0
[2017-05-28 21:44:29] EDIT control_inventario_dw/controllers/default.py: 0
[2017-05-28 21:45:03] EDIT control_inventario_dw/controllers/default.py: 0
[2017-05-28 21:45:27] EDIT control_inventario_dw/controllers/default.py: 0
[2017-05-28 21:45:45] EDIT control_inventario_dw/controllers/default.py: 0
[2017-05-28 21:45:55] EDIT control_inventario_dw/controllers/default.py: 0
[2017-05-28 21:46:06] EDIT control_inventario_dw/controllers/default.py: -1
[2017-05-28 21:46:21] EDIT control_inventario_dw/controllers/default.py: 0
[2017-05-28 21:46:29] EDIT control_inventario_dw/controllers/default.py: 0
[2017-05-28 21:46:47] EDIT control_inventario_dw/controllers/default.py: 1
[2017-05-28 21:53:07] EDIT control_inventario_dw/controllers/default.py: 0
[2017-05-28 21:56:03] EDIT control_inventario_dw/controllers/default.py: 0
[2017-05-28 21:56:05] EDIT control_inventario_dw/controllers/default.py: 0
[2017-05-28 21:56:41] EDIT control_inventario_dw/controllers/default.py: 0
[2017-05-28 21:57:01] EDIT control_inventario_dw/controllers/default.py: 0
[2017-05-28 21:57:18] EDIT control_inventario_dw/controllers/default.py: 0
[2017-05-28 22:00:20] EDIT control_inventario_dw/controllers/default.py: 1
[2017-05-28 22:01:00] EDIT control_inventario_dw/controllers/default.py: 0
[2017-05-28 22:02:27] EDIT control_inventario_dw/controllers/default.py: 0
[2017-05-28 22:02:31] EDIT control_inventario_dw/controllers/default.py: 0
[2017-05-28 22:02:51] EDIT control_inventario_dw/controllers/default.py: 0
[2017-05-28 22:03:00] EDIT control_inventario_dw/controllers/default.py: 0
[2017-05-28 22:03:10] EDIT control_inventario_dw/controllers/default.py: 0
[2017-05-28 22:03:11] EDIT control_inventario_dw/controllers/default.py: 0
[2017-05-28 22:03:23] EDIT control_inventario_dw/controllers/default.py: 0
[2017-05-28 22:03:36] EDIT control_inventario_dw/controllers/default.py: -1
[2017-05-28 22:03:54] EDIT control_inventario_dw/controllers/default.py: 0
[2017-05-28 22:04:15] EDIT control_inventario_dw/controllers/default.py: 0
[2017-05-28 22:04:21] EDIT control_inventario_dw/controllers/default.py: 0
[2017-05-28 22:05:18] EDIT control_inventario_dw/controllers/default.py: 0
[2017-05-28 22:10:27] EDIT control_inventario_dw/controllers/default.py: 1
[2017-05-28 22:10:37] EDIT control_inventario_dw/controllers/default.py: 0
[2017-05-28 22:10:51] EDIT control_inventario_dw/controllers/default.py: 0
[2017-05-28 22:10:56] EDIT control_inventario_dw/controllers/default.py: 0
[2017-05-28 22:11:17] EDIT control_inventario_dw/controllers/default.py: 0
[2017-05-28 22:15:01] EDIT control_inventario_dw/controllers/default.py: 0
[2017-05-28 22:15:04] EDIT control_inventario_dw/controllers/default.py: 0
[2017-05-28 22:15:19] EDIT control_inventario_dw/controllers/default.py: 0
[2017-05-28 22:15:23] EDIT control_inventario_dw/controllers/default.py: -1
[2017-05-28 22:15:32] EDIT control_inventario_dw/controllers/default.py: 0
[2017-05-28 22:15:33] EDIT control_inventario_dw/controllers/default.py: 0
[2017-05-28 22:15:44] EDIT control_inventario_dw/controllers/default.py: 2
[2017-05-28 22:15:52] EDIT control_inventario_dw/controllers/default.py: -2
[2017-05-28 22:16:01] EDIT control_inventario_dw/controllers/default.py: 0
[2017-05-28 22:16:10] EDIT control_inventario_dw/controllers/default.py: 1
[2017-05-28 22:16:22] EDIT control_inventario_dw/controllers/default.py: 0
[2017-05-28 22:16:24] EDIT control_inventario_dw/controllers/default.py: 0
[2017-05-28 22:16:30] EDIT control_inventario_dw/controllers/default.py: 0
[2017-05-28 22:16:36] EDIT control_inventario_dw/controllers/default.py: 0
[2017-05-28 22:17:19] EDIT control_inventario_dw/controllers/default.py: 0
[2017-05-28 22:17:46] EDIT control_inventario_dw/controllers/default.py: 0
[2017-05-28 22:17:48] EDIT control_inventario_dw/controllers/default.py: 0
[2017-05-28 22:18:16] EDIT control_inventario_dw/controllers/default.py: 0
[2017-05-28 22:18:56] EDIT control_inventario_dw/controllers/default.py: 0
[2017-05-28 22:19:11] EDIT control_inventario_dw/controllers/default.py: 0
[2017-05-28 22:19:41] EDIT control_inventario_dw/controllers/default.py: 0
[2017-05-28 22:20:16] EDIT control_inventario_dw/controllers/default.py: 0
[2017-05-28 22:21:06] EDIT control_inventario_dw/controllers/default.py: 0
[2017-05-28 22:21:15] EDIT control_inventario_dw/controllers/default.py: 0
[2017-05-28 22:21:33] EDIT control_inventario_dw/controllers/default.py: 0
[2017-05-28 22:22:17] EDIT control_inventario_dw/controllers/default.py: 0
[2017-05-28 22:22:32] EDIT control_inventario_dw/controllers/default.py: -1
[2017-05-28 22:22:42] EDIT control_inventario_dw/controllers/default.py: 0
[2017-05-28 22:22:48] EDIT control_inventario_dw/controllers/default.py: 0
[2017-05-28 22:22:50] EDIT control_inventario_dw/controllers/default.py: 0
[2017-05-28 22:22:51] EDIT control_inventario_dw/controllers/default.py: 0
[2017-05-28 22:22:52] EDIT control_inventario_dw/controllers/default.py: 0
[2017-05-28 22:22:54] EDIT control_inventario_dw/controllers/default.py: 0
[2017-05-28 22:22:57] EDIT control_inventario_dw/controllers/default.py: 0
[2017-05-28 22:22:58] EDIT control_inventario_dw/controllers/default.py: 0
[2017-05-28 22:22:59] EDIT control_inventario_dw/controllers/default.py: 0
[2017-05-28 22:23:03] EDIT control_inventario_dw/controllers/default.py: 0
[2017-05-28 22:23:09] EDIT control_inventario_dw/controllers/default.py: 0
[2017-05-28 22:23:33] EDIT control_inventario_dw/controllers/default.py: 0
[2017-05-28 22:24:11] EDIT control_inventario_dw/controllers/default.py: 0
[2017-05-28 22:24:30] EDIT control_inventario_dw/controllers/default.py: 0
[2017-05-28 22:25:36] EDIT control_inventario_dw/controllers/default.py: 0
[2017-05-28 22:27:43] EDIT control_inventario_dw/controllers/default.py: 0
[2017-05-28 22:28:03] EDIT control_inventario_dw/controllers/default.py: -3
[2017-05-28 22:28:05] EDIT control_inventario_dw/controllers/default.py: 0
[2017-05-28 22:28:17] EDIT control_inventario_dw/controllers/default.py: 0
[2017-05-28 22:28:41] EDIT control_inventario_dw/controllers/default.py: 0
[2017-05-28 22:28:44] EDIT control_inventario_dw/controllers/default.py: 0
[2017-05-28 22:28:47] EDIT control_inventario_dw/controllers/default.py: 0
[2017-05-28 22:28:53] EDIT control_inventario_dw/controllers/default.py: 0
[2017-05-28 22:28:56] EDIT control_inventario_dw/controllers/default.py: 0
[2017-05-28 22:33:18] EDIT control_inventario_dw/controllers/default.py: 1
[2017-05-28 22:33:23] EDIT control_inventario_dw/controllers/default.py: 0
[2017-05-28 22:37:04] EDIT control_inventario_dw/controllers/default.py: 1
[2017-05-28 22:37:16] EDIT control_inventario_dw/controllers/default.py: -1
[2017-05-28 22:37:20] EDIT control_inventario_dw/controllers/default.py: 1
[2017-05-28 22:37:21] EDIT control_inventario_dw/controllers/default.py: 0
[2017-05-28 22:37:34] EDIT control_inventario_dw/controllers/default.py: 0
[2017-05-28 22:37:35] EDIT control_inventario_dw/controllers/default.py: 0
[2017-05-28 22:41:17] EDIT control_inventario_dw/controllers/default.py: 0
[2017-05-28 22:41:19] EDIT control_inventario_dw/controllers/default.py: 0
[2017-05-28 22:42:31] EDIT control_inventario_dw/controllers/default.py: 0
[2017-05-28 22:44:54] EDIT control_inventario_dw/controllers/default.py: 0
[2017-05-28 22:45:33] EDIT control_inventario_dw/controllers/default.py: 0
[2017-05-28 22:45:56] EDIT control_inventario_dw/controllers/default.py: 1
[2017-05-28 22:46:03] EDIT control_inventario_dw/controllers/default.py: 0
[2017-05-28 22:48:28] EDIT control_inventario_dw/controllers/default.py: 0
[2017-05-28 22:49:50] EDIT control_inventario_dw/controllers/default.py: 0
[2017-05-28 22:50:21] EDIT control_inventario_dw/controllers/default.py: 0
[2017-05-28 22:51:00] EDIT control_inventario_dw/controllers/default.py: 0
[2017-05-28 22:53:33] EDIT control_inventario_dw/controllers/default.py: 0
[2017-05-28 23:08:25] EDIT control_inventario_dw/controllers/default.py: 0
[2017-05-28 23:08:34] EDIT control_inventario_dw/controllers/default.py: -1
[2017-05-28 23:09:35] EDIT control_inventario_dw/controllers/default.py: 0
[2017-05-28 23:11:01] EDIT control_inventario_dw/controllers/default.py: 1
[2017-05-28 23:11:10] EDIT control_inventario_dw/controllers/default.py: 0
[2017-05-28 23:12:23] EDIT control_inventario_dw/controllers/default.py: 0
[2017-05-28 23:12:59] EDIT control_inventario_dw/controllers/default.py: -1
[2017-05-28 23:16:31] EDIT control_inventario_dw/controllers/default.py: 0
[2017-05-28 23:17:58] EDIT control_inventario_dw/controllers/default.py: 0
[2017-05-28 23:18:16] EDIT control_inventario_dw/controllers/default.py: 0
[2017-05-28 23:18:17] EDIT control_inventario_dw/controllers/default.py: 0
[2017-05-28 23:18:23] EDIT control_inventario_dw/controllers/default.py: 0
[2017-05-28 23:18:36] EDIT control_inventario_dw/controllers/default.py: -1
[2017-05-28 23:18:56] EDIT control_inventario_dw/controllers/default.py: 0
[2017-05-28 23:19:03] EDIT control_inventario_dw/controllers/default.py: 1
[2017-05-28 23:19:09] EDIT control_inventario_dw/controllers/default.py: -1
[2017-05-28 23:24:47] EDIT control_inventario_dw/controllers/default.py: 1
[2017-05-28 23:24:49] EDIT control_inventario_dw/controllers/default.py: 0
[2017-05-28 23:26:45] EDIT control_inventario_dw/controllers/default.py: 0
[2017-05-28 23:29:28] EDIT control_inventario_dw/controllers/default.py: 1
[2017-05-28 23:31:08] EDIT control_inventario_dw/controllers/default.py: 0
[2017-05-28 23:32:58] EDIT control_inventario_dw/controllers/default.py: 0
[2017-05-28 23:38:58] EDIT control_inventario_dw/controllers/default.py: 0
[2017-05-28 23:41:51] EDIT control_inventario_dw/views/default/agregarainventario.html: 0
[2017-05-28 23:41:58] EDIT control_inventario_dw/views/default/agregarainventario.html: 0
[2017-05-28 23:42:40] EDIT control_inventario_dw/controllers/default.py: 0
[2017-05-28 23:44:38] EDIT control_inventario_dw/controllers/default.py: 1
[2017-05-28 23:45:09] EDIT control_inventario_dw/controllers/default.py: 0
[2017-05-28 23:45:19] EDIT control_inventario_dw/controllers/default.py: 0
[2017-05-28 23:45:21] EDIT control_inventario_dw/controllers/default.py: 0
[2017-05-28 23:47:28] EDIT control_inventario_dw/models/menu.py: 0
[2017-05-28 23:47:54] EDIT control_inventario_dw/controllers/default.py: 0
[2017-05-28 23:52:30] CREATE gestion_productos.py: 0
[2017-05-28 23:53:50] EDIT control_inventario_dw/controllers/gestion_productos.py: 12
[2017-05-28 23:54:39] EDIT control_inventario_dw/controllers/gestion_productos.py: 5
[2017-05-28 23:54:52] EDIT control_inventario_dw/controllers/gestion_productos.py: 0
[2017-05-28 23:56:03] EDIT control_inventario_dw/models/menu.py: 0
[2017-05-28 23:58:40] CREATE gestion_productos/agregarainventario.html: 0
[2017-05-28 23:58:53] EDIT control_inventario_dw/views/gestion_productos/agregarainventario.html: 0
[2017-05-29 00:00:20] CREATE gestion_productos/productos.html: 0
[2017-05-29 00:00:32] EDIT control_inventario_dw/views/gestion_productos/productos.html: 0
